TN:
SF:app\lib\server.js
FN:14,(anonymous_0)
FN:25,(anonymous_1)
FN:29,(anonymous_2)
FNF:3
FNH:3
FNDA:1,(anonymous_0)
FNDA:7,(anonymous_1)
FNDA:1,(anonymous_2)
DA:1,2
DA:2,2
DA:3,2
DA:5,2
DA:10,2
DA:11,2
DA:15,1
DA:16,1
DA:20,2
DA:22,2
DA:24,2
DA:26,7
DA:27,7
DA:30,1
DA:31,1
DA:32,1
LF:16
LH:16
BRF:0
BRH:0
end_of_record
TN:
SF:routes\api.on.air.js
FN:5,(anonymous_0)
FNF:1
FNH:1
FNDA:1,(anonymous_0)
DA:1,2
DA:6,1
LF:2
LH:2
BRF:0
BRH:0
end_of_record
TN:
SF:routes\claims.routes.js
FN:3,(anonymous_0)
FN:24,(anonymous_1)
FNF:2
FNH:2
FNDA:3,(anonymous_0)
FNDA:1,(anonymous_1)
DA:1,2
DA:3,2
DA:4,3
DA:5,3
DA:6,3
DA:7,2
DA:10,1
DA:15,2
DA:25,1
LF:9
LH:9
BRDA:6,0,0,2
BRDA:6,0,1,1
BRF:2
BRH:2
end_of_record
TN:
SF:src\Payload\read_payload.js
FN:4,readPayload
FNF:1
FNH:1
FNDA:13,readPayload
DA:1,3
DA:2,3
DA:5,13
DA:6,13
DA:8,13
DA:9,13
DA:10,11
DA:12,10
DA:14,3
DA:15,1
DA:16,2
DA:17,1
DA:19,1
DA:21,3
DA:25,3
LF:15
LH:15
BRDA:14,0,0,1
BRDA:14,0,1,2
BRDA:16,1,0,1
BRDA:16,1,1,1
BRF:4
BRH:4
end_of_record
TN:
SF:src\services\validation.js
FN:1,(anonymous_0)
FN:42,(anonymous_1)
FNF:2
FNH:2
FNDA:6,(anonymous_0)
FNDA:3,(anonymous_1)
DA:1,2
DA:2,6
DA:4,6
DA:5,1
DA:9,5
DA:10,1
DA:16,4
DA:17,4
DA:18,1
DA:24,3
DA:25,3
DA:26,1
DA:30,2
DA:31,1
DA:36,1
DA:38,5
DA:42,2
DA:43,3
DA:44,15679
DA:46,2
LF:20
LH:20
BRDA:4,0,0,1
BRDA:4,0,1,5
BRDA:9,1,0,1
BRDA:9,1,1,4
BRDA:9,2,0,5
BRDA:9,2,1,5
BRDA:17,3,0,1
BRDA:17,3,1,3
BRDA:25,4,0,1
BRDA:25,4,1,2
BRDA:25,5,0,3
BRDA:25,5,1,3
BRDA:30,6,0,1
BRDA:30,6,1,1
BRDA:44,7,0,1
BRDA:44,7,1,15678
BRF:16
BRH:16
end_of_record
