TN:
SF:app\lib\server.js
FN:14,(anonymous_0)
FN:26,(anonymous_1)
FN:30,(anonymous_2)
FNF:3
FNH:3
FNDA:1,(anonymous_0)
FNDA:7,(anonymous_1)
FNDA:1,(anonymous_2)
DA:1,2
DA:2,2
DA:3,2
DA:5,2
DA:10,2
DA:11,2
DA:15,1
DA:17,1
DA:21,2
DA:23,2
DA:25,2
DA:27,7
DA:28,7
DA:31,1
DA:32,1
DA:33,1
LF:16
LH:16
BRF:0
BRH:0
end_of_record
TN:
SF:routes\api.on.air.js
FN:5,(anonymous_0)
FNF:1
FNH:1
FNDA:1,(anonymous_0)
DA:1,2
DA:6,1
LF:2
LH:2
BRF:0
BRH:0
end_of_record
TN:
SF:routes\claims.routes.js
FN:3,(anonymous_0)
FN:24,(anonymous_1)
FNF:2
FNH:2
FNDA:3,(anonymous_0)
FNDA:1,(anonymous_1)
DA:1,2
DA:3,2
DA:4,3
DA:5,3
DA:6,3
DA:7,2
DA:10,1
DA:15,2
DA:25,1
LF:9
LH:9
BRDA:6,0,0,2
BRDA:6,0,1,1
BRF:2
BRH:2
end_of_record
TN:
SF:src\validation.js
FN:1,(anonymous_0)
FN:42,(anonymous_1)
FNF:2
FNH:2
FNDA:6,(anonymous_0)
FNDA:3,(anonymous_1)
DA:1,2
DA:2,6
DA:4,6
DA:5,1
DA:9,5
DA:10,1
DA:16,4
DA:17,4
DA:18,1
DA:24,3
DA:25,3
DA:26,1
DA:30,2
DA:31,1
DA:36,1
DA:38,5
DA:42,2
DA:43,3
DA:44,80179
DA:46,2
LF:20
LH:20
BRDA:4,0,0,1
BRDA:4,0,1,5
BRDA:9,1,0,1
BRDA:9,1,1,4
BRDA:9,2,0,5
BRDA:9,2,1,5
BRDA:17,3,0,1
BRDA:17,3,1,3
BRDA:25,4,0,1
BRDA:25,4,1,2
BRDA:25,5,0,3
BRDA:25,5,1,3
BRDA:30,6,0,1
BRDA:30,6,1,1
BRDA:44,7,0,1
BRDA:44,7,1,80178
BRF:16
BRH:16
end_of_record
